2018-01-11 00:52:25,641 INFO o.a.j.u.JMeterUtils: Setting Locale to ja_JP
2018-01-11 00:52:25,656 INFO o.a.j.u.JMeterUtils: Could not find resources for 'ja_JP', using 'ja'
2018-01-11 00:52:25,659 INFO o.a.j.JMeter: Loading user properties from: user.properties
2018-01-11 00:52:25,660 INFO o.a.j.JMeter: Loading system properties from: system.properties
2018-01-11 00:52:25,666 INFO o.a.j.JMeter: Copyright (c) 1998-2017 The Apache Software Foundation
2018-01-11 00:52:25,666 INFO o.a.j.JMeter: Version 3.3 r1808647
2018-01-11 00:52:25,666 INFO o.a.j.JMeter: java.version=1.8.0_112
2018-01-11 00:52:25,666 INFO o.a.j.JMeter: java.vm.name=Java HotSpot(TM) 64-Bit Server VM
2018-01-11 00:52:25,666 INFO o.a.j.JMeter: os.name=Windows 10
2018-01-11 00:52:25,666 INFO o.a.j.JMeter: os.arch=amd64
2018-01-11 00:52:25,666 INFO o.a.j.JMeter: os.version=10.0
2018-01-11 00:52:25,666 INFO o.a.j.JMeter: file.encoding=MS932
2018-01-11 00:52:25,666 INFO o.a.j.JMeter: Max memory     =536870912
2018-01-11 00:52:25,666 INFO o.a.j.JMeter: Available Processors =4
2018-01-11 00:52:25,672 INFO o.a.j.JMeter: Default Locale=日本語 (日本)
2018-01-11 00:52:25,672 INFO o.a.j.JMeter: JMeter  Locale=日本語 (日本)
2018-01-11 00:52:25,672 INFO o.a.j.JMeter: JMeterHome=C:\Users\Rigel\Desktop\apache-jmeter-3.3\apache-jmeter-3.3
2018-01-11 00:52:25,672 INFO o.a.j.JMeter: user.dir  =C:\Users\Rigel\Desktop\apache-jmeter-3.3\apache-jmeter-3.3\bin
2018-01-11 00:52:25,673 INFO o.a.j.JMeter: PWD       =C:\Users\Rigel\Desktop\apache-jmeter-3.3\apache-jmeter-3.3\bin
2018-01-11 00:52:25,692 INFO o.a.j.JMeter: IP: 192.168.11.11 Name: DESKTOP-MEU4V3F FullName: 192.168.11.11
2018-01-11 00:52:25,955 INFO o.a.j.g.a.LookAndFeelCommand: Using look and feel: javax.swing.plaf.metal.MetalLookAndFeel [Metal, CrossPlatform]
2018-01-11 00:52:25,962 INFO o.a.j.JMeter: Loaded icon properties from org/apache/jmeter/images/icon.properties
2018-01-11 00:52:26,664 INFO o.a.j.e.u.CompoundVariable: Note: Function class names must contain the string: '.functions.'
2018-01-11 00:52:26,664 INFO o.a.j.e.u.CompoundVariable: Note: Function class names must not contain the string: '.gui.'
2018-01-11 00:52:28,967 INFO o.a.j.g.u.MenuFactory: Skipping org.apache.jmeter.assertions.BSFAssertion
2018-01-11 00:52:29,416 INFO o.a.j.g.u.MenuFactory: Skipping org.apache.jmeter.extractor.BSFPostProcessor
2018-01-11 00:52:29,468 INFO o.a.j.g.u.MenuFactory: Skipping org.apache.jmeter.modifiers.BSFPreProcessor
2018-01-11 00:52:29,504 INFO o.a.j.p.h.s.HTTPSamplerBase: Parser for text/html is org.apache.jmeter.protocol.http.parser.LagartoBasedHtmlParser
2018-01-11 00:52:29,504 INFO o.a.j.p.h.s.HTTPSamplerBase: Parser for application/xhtml+xml is org.apache.jmeter.protocol.http.parser.LagartoBasedHtmlParser
2018-01-11 00:52:29,505 INFO o.a.j.p.h.s.HTTPSamplerBase: Parser for application/xml is org.apache.jmeter.protocol.http.parser.LagartoBasedHtmlParser
2018-01-11 00:52:29,505 INFO o.a.j.p.h.s.HTTPSamplerBase: Parser for text/xml is org.apache.jmeter.protocol.http.parser.LagartoBasedHtmlParser
2018-01-11 00:52:29,505 INFO o.a.j.p.h.s.HTTPSamplerBase: Parser for text/vnd.wap.wml is org.apache.jmeter.protocol.http.parser.RegexpHTMLParser
2018-01-11 00:52:29,505 INFO o.a.j.p.h.s.HTTPSamplerBase: Parser for text/css is org.apache.jmeter.protocol.http.parser.CssParser
2018-01-11 00:52:30,277 INFO o.a.j.e.KeyToolUtils: keytool found at 'keytool'
2018-01-11 00:52:30,278 INFO o.a.j.p.h.p.ProxyControl: HTTP(S) Test Script Recorder SSL Proxy will use keys that support embedded 3rd party resources in file C:\Users\Rigel\Desktop\apache-jmeter-3.3\apache-jmeter-3.3\bin\proxyserver.jks
2018-01-11 00:52:30,457 INFO o.a.j.g.u.MenuFactory: Skipping org.apache.jmeter.protocol.java.sampler.BSFSampler
2018-01-11 00:52:30,506 INFO o.a.j.s.FileServer: Default base='C:\Users\Rigel\Desktop\apache-jmeter-3.3\apache-jmeter-3.3\bin'
2018-01-11 00:52:30,593 INFO o.a.j.g.u.MenuFactory: Skipping org.apache.jmeter.protocol.mongodb.config.MongoSourceElement
2018-01-11 00:52:30,593 INFO o.a.j.g.u.MenuFactory: Skipping org.apache.jmeter.protocol.mongodb.sampler.MongoScriptSampler
2018-01-11 00:52:31,062 INFO o.a.j.g.u.MenuFactory: Skipping org.apache.jmeter.timers.BSFTimer
2018-01-11 00:52:31,091 INFO o.a.j.g.u.MenuFactory: Skipping org.apache.jmeter.visualizers.BSFListener
2018-01-11 00:52:31,371 INFO o.a.j.s.SampleResult: Note: Sample TimeStamps are START times
2018-01-11 00:52:31,371 INFO o.a.j.s.SampleResult: sampleresult.default.encoding is set to ISO-8859-1
2018-01-11 00:52:31,371 INFO o.a.j.s.SampleResult: sampleresult.useNanoTime=true
2018-01-11 00:52:31,371 INFO o.a.j.s.SampleResult: sampleresult.nanoThreadSleep=5000
2018-01-11 00:52:32,594 INFO o.j.r.PluginManager: Plugins Status: [jpgc-graphs-basic=2.0, jpgc-functions=2.0, jpgc-casutg=2.5, jpgc-dummy=0.2, jpgc-ffw=2.0, jpgc-fifo=0.2, jpgc-json=2.6, jpgc-perfmon=2.1, jpgc-plugins-manager=0.18, jpgc-tst=2.1, jmeter-core=3.3, jmeter-ftp=3.3, jmeter-http=3.3, jmeter-jdbc=3.3, jmeter-jms=3.3, jmeter-junit=3.3, jmeter-java=3.3, jmeter-ldap=3.3, jmeter-mail=3.3, jmeter-mongodb=3.3, jmeter-native=3.3, jmeter-tcp=3.3, jmeter-components=3.3, jpgc-standard=2.0]
2018-01-11 00:52:32,597 INFO o.j.r.PluginManagerMenuItem: Plugins Manager has upgrades: [jpgc-plugins-manager]
2018-01-11 00:52:41,632 INFO o.a.j.g.a.Load: Loading file: C:\Users\Rigel\Desktop\apache-jmeter-3.3\apache-jmeter-3.3\bin\テストスレッド.jmx
2018-01-11 00:52:41,633 INFO o.a.j.s.FileServer: Set new base='C:\Users\Rigel\Desktop\apache-jmeter-3.3\apache-jmeter-3.3\bin'
2018-01-11 00:52:41,796 INFO o.a.j.s.SaveService: Testplan (JMX) version: 2.2. Testlog (JTL) version: 2.2
2018-01-11 00:52:41,802 INFO o.a.j.s.SaveService: Using SaveService properties file encoding UTF-8
2018-01-11 00:52:41,804 INFO o.a.j.s.SaveService: Using SaveService properties version 3.2
2018-01-11 00:52:41,806 INFO o.a.j.s.SaveService: Loading file: C:\Users\Rigel\Desktop\apache-jmeter-3.3\apache-jmeter-3.3\bin\テストスレッド.jmx
2018-01-11 00:52:41,809 WARN o.j.r.p.TestPlanAnalyzer: Cannot parse file: C:\Users\Rigel\Desktop\apache-jmeter-3.3\apache-jmeter-3.3\bin\テストスレッド.jmx
java.net.MalformedURLException: unknown protocol: c
	at java.net.URL.<init>(Unknown Source) ~[?:1.8.0_112]
	at java.net.URL.<init>(Unknown Source) ~[?:1.8.0_112]
	at java.net.URL.<init>(Unknown Source) ~[?:1.8.0_112]
	at org.apache.xerces.impl.XMLEntityManager.setupCurrentEntity(Unknown Source) ~[xercesImpl-2.11.0.jar:?]
	at org.apache.xerces.impl.XMLVersionDetector.determineDocVersion(Unknown Source) ~[xercesImpl-2.11.0.jar:?]
	at org.apache.xerces.parsers.XML11Configuration.parse(Unknown Source) ~[xercesImpl-2.11.0.jar:?]
	at org.apache.xerces.parsers.XML11Configuration.parse(Unknown Source) ~[xercesImpl-2.11.0.jar:?]
	at org.apache.xerces.parsers.XMLParser.parse(Unknown Source) ~[xercesImpl-2.11.0.jar:?]
	at org.apache.xerces.parsers.DOMParser.parse(Unknown Source) ~[xercesImpl-2.11.0.jar:?]
	at org.apache.xerces.jaxp.DocumentBuilderImpl.parse(Unknown Source) ~[xercesImpl-2.11.0.jar:?]
	at javax.xml.parsers.DocumentBuilder.parse(Unknown Source) ~[?:1.8.0_112]
	at org.jmeterplugins.repository.plugins.TestPlanAnalyzer.getNodeListWithClassNames(TestPlanAnalyzer.java:58) ~[jmeter-plugins-manager-0.18.jar:?]
	at org.jmeterplugins.repository.plugins.TestPlanAnalyzer.analyze(TestPlanAnalyzer.java:32) ~[jmeter-plugins-manager-0.18.jar:?]
	at org.jmeterplugins.repository.plugins.PluginSuggester.analyzeTestPlan(PluginSuggester.java:51) ~[jmeter-plugins-manager-0.18.jar:?]
	at org.jmeterplugins.repository.plugins.PluginSuggester.findPluginsToInstall(PluginSuggester.java:44) ~[jmeter-plugins-manager-0.18.jar:?]
	at org.jmeterplugins.repository.plugins.PluginSuggester.checkAndSuggest(PluginSuggester.java:28) ~[jmeter-plugins-manager-0.18.jar:?]
	at org.jmeterplugins.repository.logging.LoggerAppender.append(LoggerAppender.java:33) ~[jmeter-plugins-manager-0.18.jar:?]
	at org.apache.logging.log4j.core.config.AppenderControl.tryCallAppender(AppenderControl.java:156) ~[log4j-core-2.8.2.jar:2.8.2]
	at org.apache.logging.log4j.core.config.AppenderControl.callAppender0(AppenderControl.java:129) ~[log4j-core-2.8.2.jar:2.8.2]
	at org.apache.logging.log4j.core.config.AppenderControl.callAppenderPreventRecursion(AppenderControl.java:120) ~[log4j-core-2.8.2.jar:2.8.2]
	at org.apache.logging.log4j.core.config.AppenderControl.callAppender(AppenderControl.java:84) ~[log4j-core-2.8.2.jar:2.8.2]
	at org.apache.logging.log4j.core.config.LoggerConfig.callAppenders(LoggerConfig.java:448) ~[log4j-core-2.8.2.jar:2.8.2]
	at org.apache.logging.log4j.core.config.LoggerConfig.processLogEvent(LoggerConfig.java:433) ~[log4j-core-2.8.2.jar:2.8.2]
	at org.apache.logging.log4j.core.config.LoggerConfig.log(LoggerConfig.java:417) ~[log4j-core-2.8.2.jar:2.8.2]
	at org.apache.logging.log4j.core.config.LoggerConfig.log(LoggerConfig.java:403) ~[log4j-core-2.8.2.jar:2.8.2]
	at org.apache.logging.log4j.core.config.AwaitCompletionReliabilityStrategy.log(AwaitCompletionReliabilityStrategy.java:63) ~[log4j-core-2.8.2.jar:2.8.2]
	at org.apache.logging.log4j.core.Logger.logMessage(Logger.java:146) ~[log4j-core-2.8.2.jar:2.8.2]
	at org.apache.logging.log4j.spi.AbstractLogger.logMessageSafely(AbstractLogger.java:2091) ~[log4j-api-2.8.2.jar:2.8.2]
	at org.apache.logging.log4j.spi.AbstractLogger.logMessage(AbstractLogger.java:2005) ~[log4j-api-2.8.2.jar:2.8.2]
	at org.apache.logging.log4j.spi.AbstractLogger.logIfEnabled(AbstractLogger.java:1876) ~[log4j-api-2.8.2.jar:2.8.2]
	at org.apache.logging.slf4j.Log4jLogger.info(Log4jLogger.java:184) ~[log4j-slf4j-impl-2.8.2.jar:2.8.2]
	at org.apache.jmeter.save.SaveService.loadTree(SaveService.java:422) ~[ApacheJMeter_core.jar:3.3 r1808647]
	at org.apache.jmeter.gui.action.Load.loadProjectFile(Load.java:130) ~[ApacheJMeter_core.jar:3.3 r1808647]
	at org.apache.jmeter.gui.action.Load.loadProjectFile(Load.java:102) ~[ApacheJMeter_core.jar:3.3 r1808647]
	at org.apache.jmeter.gui.action.Load.doActionAfterCheck(Load.java:89) ~[ApacheJMeter_core.jar:3.3 r1808647]
	at org.apache.jmeter.gui.action.AbstractActionWithNoRunningTest.doAction(AbstractActionWithNoRunningTest.java:45) ~[ApacheJMeter_core.jar:3.3 r1808647]
	at org.apache.jmeter.gui.action.ActionRouter.performAction(ActionRouter.java:80) ~[ApacheJMeter_core.jar:3.3 r1808647]
	at org.apache.jmeter.gui.action.ActionRouter.lambda$actionPerformed$0(ActionRouter.java:65) ~[ApacheJMeter_core.jar:3.3 r1808647]
	at java.awt.event.InvocationEvent.dispatch(Unknown Source) [?:1.8.0_112]
	at java.awt.EventQueue.dispatchEventImpl(Unknown Source) [?:1.8.0_112]
	at java.awt.EventQueue.access$500(Unknown Source) [?:1.8.0_112]
	at java.awt.EventQueue$3.run(Unknown Source) [?:1.8.0_112]
	at java.awt.EventQueue$3.run(Unknown Source) [?:1.8.0_112]
	at java.security.AccessController.doPrivileged(Native Method) ~[?:1.8.0_112]
	at java.security.ProtectionDomain$JavaSecurityAccessImpl.doIntersectionPrivilege(Unknown Source) [?:1.8.0_112]
	at java.awt.EventQueue.dispatchEvent(Unknown Source) [?:1.8.0_112]
	at java.awt.EventDispatchThread.pumpOneEventForFilters(Unknown Source) [?:1.8.0_112]
	at java.awt.EventDispatchThread.pumpEventsForFilter(Unknown Source) [?:1.8.0_112]
	at java.awt.EventDispatchThread.pumpEventsForHierarchy(Unknown Source) [?:1.8.0_112]
	at java.awt.EventDispatchThread.pumpEvents(Unknown Source) [?:1.8.0_112]
	at java.awt.EventDispatchThread.pumpEvents(Unknown Source) [?:1.8.0_112]
	at java.awt.EventDispatchThread.run(Unknown Source) [?:1.8.0_112]
2018-01-11 00:52:42,448 INFO o.a.j.s.FileServer: Set new base='C:\Users\Rigel\Desktop\apache-jmeter-3.3\apache-jmeter-3.3\bin'
2018-01-11 00:54:15,290 INFO o.a.j.e.StandardJMeterEngine: Running the test!
2018-01-11 00:54:15,291 INFO o.a.j.s.SampleEvent: List of sample_variables: []
2018-01-11 00:54:15,291 INFO o.a.j.s.SampleEvent: List of sample_variables: []
2018-01-11 00:54:15,304 INFO o.a.j.g.u.JMeterMenuBar: setRunning(true, *local*)
2018-01-11 00:54:15,508 INFO o.a.j.e.StandardJMeterEngine: Starting ThreadGroup: 1 : CSVでPOST
2018-01-11 00:54:15,509 INFO o.a.j.e.StandardJMeterEngine: Starting 1 threads for group CSVでPOST.
2018-01-11 00:54:15,509 INFO o.a.j.e.StandardJMeterEngine: Thread will continue on error
2018-01-11 00:54:15,509 INFO o.a.j.t.ThreadGroup: Starting thread group... number=1 threads=1 ramp-up=3 perThread=3000.0 delayedStart=false
2018-01-11 00:54:15,519 INFO o.a.j.t.ThreadGroup: Started thread group number 1
2018-01-11 00:54:15,519 INFO o.a.j.e.StandardJMeterEngine: Starting ThreadGroup: 2 : CSVでGET
2018-01-11 00:54:15,519 INFO o.a.j.e.StandardJMeterEngine: Starting 1 threads for group CSVでGET.
2018-01-11 00:54:15,519 INFO o.a.j.e.StandardJMeterEngine: Thread will continue on error
2018-01-11 00:54:15,519 INFO o.a.j.t.ThreadGroup: Starting thread group... number=2 threads=1 ramp-up=3 perThread=3000.0 delayedStart=false
2018-01-11 00:54:15,520 INFO o.a.j.t.ThreadGroup: Started thread group number 2
2018-01-11 00:54:15,520 INFO o.a.j.e.StandardJMeterEngine: Starting ThreadGroup: 3 : POST
2018-01-11 00:54:15,520 INFO o.a.j.e.StandardJMeterEngine: Starting 1 threads for group POST.
2018-01-11 00:54:15,520 INFO o.a.j.e.StandardJMeterEngine: Thread will continue on error
2018-01-11 00:54:15,520 INFO o.a.j.t.ThreadGroup: Starting thread group... number=3 threads=1 ramp-up=1 perThread=1000.0 delayedStart=false
2018-01-11 00:54:15,521 INFO o.a.j.t.ThreadGroup: Started thread group number 3
2018-01-11 00:54:15,521 INFO o.a.j.e.StandardJMeterEngine: Starting ThreadGroup: 4 : GET
2018-01-11 00:54:15,521 INFO o.a.j.e.StandardJMeterEngine: Starting 1 threads for group GET.
2018-01-11 00:54:15,521 INFO o.a.j.e.StandardJMeterEngine: Thread will continue on error
2018-01-11 00:54:15,521 INFO o.a.j.t.ThreadGroup: Starting thread group... number=4 threads=1 ramp-up=1 perThread=1000.0 delayedStart=false
2018-01-11 00:54:15,522 INFO o.a.j.t.ThreadGroup: Started thread group number 4
2018-01-11 00:54:15,524 INFO o.a.j.t.JMeterThread: Thread started: POST 3-1
2018-01-11 00:54:15,524 INFO o.a.j.t.JMeterThread: Thread started: CSVでGET 2-1
2018-01-11 00:54:15,525 INFO o.a.j.e.StandardJMeterEngine: Starting ThreadGroup: 5 : UPDATE
2018-01-11 00:54:15,525 INFO o.a.j.e.StandardJMeterEngine: Starting 1 threads for group UPDATE.
2018-01-11 00:54:15,525 INFO o.a.j.e.StandardJMeterEngine: Thread will continue on error
2018-01-11 00:54:15,525 INFO o.a.j.t.ThreadGroup: Starting thread group... number=5 threads=1 ramp-up=1 perThread=1000.0 delayedStart=false
2018-01-11 00:54:15,526 INFO o.a.j.t.ThreadGroup: Started thread group number 5
2018-01-11 00:54:15,527 INFO o.a.j.e.StandardJMeterEngine: Starting ThreadGroup: 6 : DELETE
2018-01-11 00:54:15,527 INFO o.a.j.e.StandardJMeterEngine: Starting 1 threads for group DELETE.
2018-01-11 00:54:15,527 INFO o.a.j.e.StandardJMeterEngine: Thread will continue on error
2018-01-11 00:54:15,527 INFO o.a.j.t.ThreadGroup: Starting thread group... number=6 threads=1 ramp-up=1 perThread=1000.0 delayedStart=false
2018-01-11 00:54:15,528 INFO o.a.j.t.ThreadGroup: Started thread group number 6
2018-01-11 00:54:15,528 INFO o.a.j.e.StandardJMeterEngine: Starting ThreadGroup: 7 : JSON POSTお試し
2018-01-11 00:54:15,529 INFO o.a.j.e.StandardJMeterEngine: Starting 1 threads for group JSON POSTお試し.
2018-01-11 00:54:15,529 INFO o.a.j.t.JMeterThread: Thread started: GET 4-1
2018-01-11 00:54:15,529 INFO o.a.j.e.StandardJMeterEngine: Thread will continue on error
2018-01-11 00:54:15,531 INFO o.a.j.t.ThreadGroup: Starting thread group... number=7 threads=1 ramp-up=1 perThread=1000.0 delayedStart=false
2018-01-11 00:54:15,532 INFO o.a.j.t.ThreadGroup: Started thread group number 7
2018-01-11 00:54:15,532 INFO o.a.j.e.StandardJMeterEngine: Starting ThreadGroup: 8 : JSON GET
2018-01-11 00:54:15,532 INFO o.a.j.e.StandardJMeterEngine: Starting 1 threads for group JSON GET.
2018-01-11 00:54:15,532 INFO o.a.j.e.StandardJMeterEngine: Thread will continue on error
2018-01-11 00:54:15,532 INFO o.a.j.t.ThreadGroup: Starting thread group... number=8 threads=1 ramp-up=1 perThread=1000.0 delayedStart=false
2018-01-11 00:54:15,532 INFO o.a.j.t.ThreadGroup: Started thread group number 8
2018-01-11 00:54:15,533 INFO o.a.j.e.StandardJMeterEngine: Starting ThreadGroup: 9 : XML検証
2018-01-11 00:54:15,533 INFO o.a.j.e.StandardJMeterEngine: Starting 1 threads for group XML検証.
2018-01-11 00:54:15,533 INFO o.a.j.e.StandardJMeterEngine: Thread will continue on error
2018-01-11 00:54:15,533 INFO o.a.j.t.ThreadGroup: Starting thread group... number=9 threads=1 ramp-up=1 perThread=1000.0 delayedStart=false
2018-01-11 00:54:15,533 INFO o.a.j.t.ThreadGroup: Started thread group number 9
2018-01-11 00:54:15,533 INFO o.a.j.e.StandardJMeterEngine: All thread groups have been started
2018-01-11 00:54:15,534 INFO o.a.j.s.FileServer: Stored: C:\Users\Rigel\Desktop\test.csv
2018-01-11 00:54:15,531 INFO o.a.j.t.JMeterThread: Thread started: UPDATE 5-1
2018-01-11 00:54:15,531 INFO o.a.j.t.JMeterThread: Thread started: DELETE 6-1
2018-01-11 00:54:15,536 INFO o.a.j.t.JMeterThread: Thread started: XML検証 9-1
2018-01-11 00:54:15,537 INFO o.a.j.t.JMeterThread: Thread started: CSVでPOST 1-1
2018-01-11 00:54:15,537 INFO o.a.j.t.JMeterThread: Thread started: JSON POSTお試し 7-1
2018-01-11 00:54:15,539 INFO o.a.j.t.JMeterThread: Thread started: JSON GET 8-1
2018-01-11 00:54:15,542 INFO o.a.j.p.h.s.HTTPHCAbstractImpl: Local host = DESKTOP-MEU4V3F
2018-01-11 00:54:15,545 INFO o.a.j.p.h.s.HTTPHC4Impl: HTTP request retry count = 0
2018-01-11 00:54:17,582 INFO o.a.j.t.JMeterThread: Thread is done: UPDATE 5-1
2018-01-11 00:54:17,582 INFO o.a.j.t.JMeterThread: Thread finished: UPDATE 5-1
2018-01-11 00:54:17,584 INFO o.a.j.t.JMeterThread: Thread is done: CSVでGET 2-1
2018-01-11 00:54:17,585 INFO o.a.j.t.JMeterThread: Thread is done: JSON POSTお試し 7-1
2018-01-11 00:54:17,585 INFO o.a.j.t.JMeterThread: Thread finished: CSVでGET 2-1
2018-01-11 00:54:17,585 INFO o.a.j.t.JMeterThread: Thread finished: JSON POSTお試し 7-1
2018-01-11 00:54:17,588 INFO o.a.j.t.JMeterThread: Thread is done: GET 4-1
2018-01-11 00:54:17,588 INFO o.a.j.t.JMeterThread: Thread finished: GET 4-1
2018-01-11 00:54:17,590 INFO o.a.j.t.JMeterThread: Thread is done: DELETE 6-1
2018-01-11 00:54:17,590 INFO o.a.j.t.JMeterThread: Thread finished: DELETE 6-1
2018-01-11 00:54:17,657 WARN c.a.j.p.j.j.JSONPathExtractor: Extract failed
java.lang.IllegalArgumentException: path can not be null or empty
	at com.jayway.jsonpath.internal.Utils.notEmpty(Utils.java:386) ~[json-path-2.4.0.jar:2.4.0]
	at com.jayway.jsonpath.internal.JsonContext.read(JsonContext.java:76) ~[json-path-2.4.0.jar:2.4.0]
	at com.jayway.jsonpath.JsonPath.read(JsonPath.java:502) ~[json-path-2.4.0.jar:2.4.0]
	at com.atlantbh.jmeter.plugins.jsonutils.jsonpathextractor.JSONPathExtractor.process(JSONPathExtractor.java:102) [jmeter-plugins-json-2.6.jar:?]
	at org.apache.jmeter.threads.JMeterThread.runPostProcessors(JMeterThread.java:833) [ApacheJMeter_core.jar:3.3 r1808647]
	at org.apache.jmeter.threads.JMeterThread.executeSamplePackage(JMeterThread.java:524) [ApacheJMeter_core.jar:3.3 r1808647]
	at org.apache.jmeter.threads.JMeterThread.processSampler(JMeterThread.java:424) [ApacheJMeter_core.jar:3.3 r1808647]
	at org.apache.jmeter.threads.JMeterThread.run(JMeterThread.java:255) [ApacheJMeter_core.jar:3.3 r1808647]
	at java.lang.Thread.run(Unknown Source) [?:1.8.0_112]
2018-01-11 00:54:17,679 WARN c.a.j.p.j.j.JSONPathExtractor: Extract failed
java.lang.IllegalArgumentException: path can not be null or empty
	at com.jayway.jsonpath.internal.Utils.notEmpty(Utils.java:386) ~[json-path-2.4.0.jar:2.4.0]
	at com.jayway.jsonpath.internal.JsonContext.read(JsonContext.java:76) ~[json-path-2.4.0.jar:2.4.0]
	at com.jayway.jsonpath.JsonPath.read(JsonPath.java:502) ~[json-path-2.4.0.jar:2.4.0]
	at com.atlantbh.jmeter.plugins.jsonutils.jsonpathextractor.JSONPathExtractor.process(JSONPathExtractor.java:102) [jmeter-plugins-json-2.6.jar:?]
	at org.apache.jmeter.threads.JMeterThread.runPostProcessors(JMeterThread.java:833) [ApacheJMeter_core.jar:3.3 r1808647]
	at org.apache.jmeter.threads.JMeterThread.executeSamplePackage(JMeterThread.java:524) [ApacheJMeter_core.jar:3.3 r1808647]
	at org.apache.jmeter.threads.JMeterThread.processSampler(JMeterThread.java:424) [ApacheJMeter_core.jar:3.3 r1808647]
	at org.apache.jmeter.threads.JMeterThread.run(JMeterThread.java:255) [ApacheJMeter_core.jar:3.3 r1808647]
	at java.lang.Thread.run(Unknown Source) [?:1.8.0_112]
2018-01-11 00:54:17,681 INFO o.a.j.t.JMeterThread: Thread is done: JSON GET 8-1
2018-01-11 00:54:17,682 INFO o.a.j.t.JMeterThread: Thread finished: JSON GET 8-1
2018-01-11 00:54:17,737 ERROR o.a.j.a.LogErrorHandler: Fatal Exception parsing document, message:Content is not allowed in prolog.
2018-01-11 00:54:17,818 INFO o.a.j.t.JMeterThread: Thread is done: XML検証 9-1
2018-01-11 00:54:17,818 INFO o.a.j.t.JMeterThread: Thread finished: XML検証 9-1
2018-01-11 00:54:19,610 INFO o.a.j.t.JMeterThread: Thread is done: CSVでPOST 1-1
2018-01-11 00:54:19,611 INFO o.a.j.t.JMeterThread: Thread finished: CSVでPOST 1-1
2018-01-11 00:54:31,540 INFO o.a.j.t.JMeterThread: Thread is done: POST 3-1
2018-01-11 00:54:31,540 INFO o.a.j.t.JMeterThread: Thread finished: POST 3-1
2018-01-11 00:54:31,541 INFO o.a.j.e.StandardJMeterEngine: Notifying test listeners of end of test
2018-01-11 00:54:31,541 INFO o.a.j.s.FileServer: Close: C:\Users\Rigel\Desktop\test.csv
2018-01-11 00:54:31,543 INFO o.a.j.g.u.JMeterMenuBar: setRunning(false, *local*)
2018-01-11 00:56:06,387 INFO o.a.j.e.StandardJMeterEngine: Running the test!
2018-01-11 00:56:06,388 INFO o.a.j.s.SampleEvent: List of sample_variables: []
2018-01-11 00:56:06,391 INFO o.a.j.g.u.JMeterMenuBar: setRunning(true, *local*)
2018-01-11 00:56:06,530 INFO o.a.j.e.StandardJMeterEngine: Starting ThreadGroup: 1 : CSVでPOST
2018-01-11 00:56:06,530 INFO o.a.j.e.StandardJMeterEngine: Starting 1 threads for group CSVでPOST.
2018-01-11 00:56:06,530 INFO o.a.j.e.StandardJMeterEngine: Thread will continue on error
2018-01-11 00:56:06,530 INFO o.a.j.t.ThreadGroup: Starting thread group... number=1 threads=1 ramp-up=3 perThread=3000.0 delayedStart=false
2018-01-11 00:56:06,531 INFO o.a.j.t.ThreadGroup: Started thread group number 1
2018-01-11 00:56:06,531 INFO o.a.j.e.StandardJMeterEngine: Starting ThreadGroup: 2 : CSVでGET
2018-01-11 00:56:06,531 INFO o.a.j.e.StandardJMeterEngine: Starting 1 threads for group CSVでGET.
2018-01-11 00:56:06,531 INFO o.a.j.e.StandardJMeterEngine: Thread will continue on error
2018-01-11 00:56:06,532 INFO o.a.j.t.ThreadGroup: Starting thread group... number=2 threads=1 ramp-up=3 perThread=3000.0 delayedStart=false
2018-01-11 00:56:06,532 INFO o.a.j.t.ThreadGroup: Started thread group number 2
2018-01-11 00:56:06,533 INFO o.a.j.e.StandardJMeterEngine: Starting ThreadGroup: 3 : POST
2018-01-11 00:56:06,533 INFO o.a.j.e.StandardJMeterEngine: Starting 1 threads for group POST.
2018-01-11 00:56:06,533 INFO o.a.j.e.StandardJMeterEngine: Thread will continue on error
2018-01-11 00:56:06,533 INFO o.a.j.t.ThreadGroup: Starting thread group... number=3 threads=1 ramp-up=1 perThread=1000.0 delayedStart=false
2018-01-11 00:56:06,533 INFO o.a.j.t.ThreadGroup: Started thread group number 3
2018-01-11 00:56:06,533 INFO o.a.j.e.StandardJMeterEngine: Starting ThreadGroup: 4 : GET
2018-01-11 00:56:06,533 INFO o.a.j.e.StandardJMeterEngine: Starting 1 threads for group GET.
2018-01-11 00:56:06,533 INFO o.a.j.e.StandardJMeterEngine: Thread will continue on error
2018-01-11 00:56:06,533 INFO o.a.j.t.ThreadGroup: Starting thread group... number=4 threads=1 ramp-up=1 perThread=1000.0 delayedStart=false
2018-01-11 00:56:06,534 INFO o.a.j.t.ThreadGroup: Started thread group number 4
2018-01-11 00:56:06,534 INFO o.a.j.e.StandardJMeterEngine: Starting ThreadGroup: 5 : UPDATE
2018-01-11 00:56:06,534 INFO o.a.j.e.StandardJMeterEngine: Starting 1 threads for group UPDATE.
2018-01-11 00:56:06,534 INFO o.a.j.e.StandardJMeterEngine: Thread will continue on error
2018-01-11 00:56:06,534 INFO o.a.j.t.ThreadGroup: Starting thread group... number=5 threads=1 ramp-up=1 perThread=1000.0 delayedStart=false
2018-01-11 00:56:06,535 INFO o.a.j.t.ThreadGroup: Started thread group number 5
2018-01-11 00:56:06,535 INFO o.a.j.t.JMeterThread: Thread started: CSVでGET 2-1
2018-01-11 00:56:06,535 INFO o.a.j.e.StandardJMeterEngine: Starting ThreadGroup: 6 : DELETE
2018-01-11 00:56:06,535 INFO o.a.j.e.StandardJMeterEngine: Starting 1 threads for group DELETE.
2018-01-11 00:56:06,535 INFO o.a.j.e.StandardJMeterEngine: Thread will continue on error
2018-01-11 00:56:06,535 INFO o.a.j.t.ThreadGroup: Starting thread group... number=6 threads=1 ramp-up=1 perThread=1000.0 delayedStart=false
2018-01-11 00:56:06,537 INFO o.a.j.t.ThreadGroup: Started thread group number 6
2018-01-11 00:56:06,538 INFO o.a.j.e.StandardJMeterEngine: Starting ThreadGroup: 7 : JSON POSTお試し
2018-01-11 00:56:06,538 INFO o.a.j.s.FileServer: Stored: C:\Users\Rigel\Desktop\test.csv
2018-01-11 00:56:06,538 INFO o.a.j.e.StandardJMeterEngine: Starting 1 threads for group JSON POSTお試し.
2018-01-11 00:56:06,538 INFO o.a.j.e.StandardJMeterEngine: Thread will continue on error
2018-01-11 00:56:06,538 INFO o.a.j.t.ThreadGroup: Starting thread group... number=7 threads=1 ramp-up=1 perThread=1000.0 delayedStart=false
2018-01-11 00:56:06,539 INFO o.a.j.t.ThreadGroup: Started thread group number 7
2018-01-11 00:56:06,539 INFO o.a.j.e.StandardJMeterEngine: Starting ThreadGroup: 8 : JSON GET
2018-01-11 00:56:06,539 INFO o.a.j.e.StandardJMeterEngine: Starting 1 threads for group JSON GET.
2018-01-11 00:56:06,539 INFO o.a.j.e.StandardJMeterEngine: Thread will continue on error
2018-01-11 00:56:06,539 INFO o.a.j.t.ThreadGroup: Starting thread group... number=8 threads=1 ramp-up=1 perThread=1000.0 delayedStart=false
2018-01-11 00:56:06,539 INFO o.a.j.t.ThreadGroup: Started thread group number 8
2018-01-11 00:56:06,539 INFO o.a.j.e.StandardJMeterEngine: Starting ThreadGroup: 9 : XML検証
2018-01-11 00:56:06,540 INFO o.a.j.e.StandardJMeterEngine: Starting 1 threads for group XML検証.
2018-01-11 00:56:06,540 INFO o.a.j.e.StandardJMeterEngine: Thread will continue on error
2018-01-11 00:56:06,540 INFO o.a.j.t.ThreadGroup: Starting thread group... number=9 threads=1 ramp-up=1 perThread=1000.0 delayedStart=false
2018-01-11 00:56:06,540 INFO o.a.j.t.ThreadGroup: Started thread group number 9
2018-01-11 00:56:06,540 INFO o.a.j.e.StandardJMeterEngine: All thread groups have been started
2018-01-11 00:56:06,540 INFO o.a.j.t.JMeterThread: Thread started: CSVでPOST 1-1
2018-01-11 00:56:06,543 INFO o.a.j.t.JMeterThread: Thread started: XML検証 9-1
2018-01-11 00:56:06,544 INFO o.a.j.t.JMeterThread: Thread started: JSON GET 8-1
2018-01-11 00:56:06,544 INFO o.a.j.t.JMeterThread: Thread started: JSON POSTお試し 7-1
2018-01-11 00:56:06,545 INFO o.a.j.t.JMeterThread: Thread started: DELETE 6-1
2018-01-11 00:56:06,546 INFO o.a.j.t.JMeterThread: Thread started: UPDATE 5-1
2018-01-11 00:56:06,546 INFO o.a.j.t.JMeterThread: Thread started: GET 4-1
2018-01-11 00:56:06,547 INFO o.a.j.t.JMeterThread: Thread started: POST 3-1
2018-01-11 00:56:06,582 INFO o.a.j.t.JMeterThread: Thread is done: GET 4-1
2018-01-11 00:56:06,582 INFO o.a.j.t.JMeterThread: Thread finished: GET 4-1
2018-01-11 00:56:07,000 INFO o.a.j.t.JMeterThread: Thread is done: UPDATE 5-1
2018-01-11 00:56:07,000 INFO o.a.j.t.JMeterThread: Thread finished: UPDATE 5-1
2018-01-11 00:56:07,013 INFO o.a.j.t.JMeterThread: Thread is done: CSVでGET 2-1
2018-01-11 00:56:07,014 INFO o.a.j.t.JMeterThread: Thread finished: CSVでGET 2-1
2018-01-11 00:56:07,744 INFO o.a.j.t.JMeterThread: Thread is done: DELETE 6-1
2018-01-11 00:56:07,744 INFO o.a.j.t.JMeterThread: Thread finished: DELETE 6-1
2018-01-11 00:56:07,785 WARN c.a.j.p.j.j.JSONPathExtractor: Extract failed
java.lang.IllegalArgumentException: path can not be null or empty
	at com.jayway.jsonpath.internal.Utils.notEmpty(Utils.java:386) ~[json-path-2.4.0.jar:2.4.0]
	at com.jayway.jsonpath.internal.JsonContext.read(JsonContext.java:76) ~[json-path-2.4.0.jar:2.4.0]
	at com.jayway.jsonpath.JsonPath.read(JsonPath.java:502) ~[json-path-2.4.0.jar:2.4.0]
	at com.atlantbh.jmeter.plugins.jsonutils.jsonpathextractor.JSONPathExtractor.process(JSONPathExtractor.java:102) [jmeter-plugins-json-2.6.jar:?]
	at org.apache.jmeter.threads.JMeterThread.runPostProcessors(JMeterThread.java:833) [ApacheJMeter_core.jar:3.3 r1808647]
	at org.apache.jmeter.threads.JMeterThread.executeSamplePackage(JMeterThread.java:524) [ApacheJMeter_core.jar:3.3 r1808647]
	at org.apache.jmeter.threads.JMeterThread.processSampler(JMeterThread.java:424) [ApacheJMeter_core.jar:3.3 r1808647]
	at org.apache.jmeter.threads.JMeterThread.run(JMeterThread.java:255) [ApacheJMeter_core.jar:3.3 r1808647]
	at java.lang.Thread.run(Unknown Source) [?:1.8.0_112]
2018-01-11 00:56:07,786 WARN c.a.j.p.j.j.JSONPathExtractor: Extract failed
java.lang.IllegalArgumentException: path can not be null or empty
	at com.jayway.jsonpath.internal.Utils.notEmpty(Utils.java:386) ~[json-path-2.4.0.jar:2.4.0]
	at com.jayway.jsonpath.internal.JsonContext.read(JsonContext.java:76) ~[json-path-2.4.0.jar:2.4.0]
	at com.jayway.jsonpath.JsonPath.read(JsonPath.java:502) ~[json-path-2.4.0.jar:2.4.0]
	at com.atlantbh.jmeter.plugins.jsonutils.jsonpathextractor.JSONPathExtractor.process(JSONPathExtractor.java:102) [jmeter-plugins-json-2.6.jar:?]
	at org.apache.jmeter.threads.JMeterThread.runPostProcessors(JMeterThread.java:833) [ApacheJMeter_core.jar:3.3 r1808647]
	at org.apache.jmeter.threads.JMeterThread.executeSamplePackage(JMeterThread.java:524) [ApacheJMeter_core.jar:3.3 r1808647]
	at org.apache.jmeter.threads.JMeterThread.processSampler(JMeterThread.java:424) [ApacheJMeter_core.jar:3.3 r1808647]
	at org.apache.jmeter.threads.JMeterThread.run(JMeterThread.java:255) [ApacheJMeter_core.jar:3.3 r1808647]
	at java.lang.Thread.run(Unknown Source) [?:1.8.0_112]
2018-01-11 00:56:07,787 INFO o.a.j.t.JMeterThread: Thread is done: JSON GET 8-1
2018-01-11 00:56:07,787 INFO o.a.j.t.JMeterThread: Thread finished: JSON GET 8-1
2018-01-11 00:56:07,955 INFO o.a.j.t.JMeterThread: Thread is done: XML検証 9-1
2018-01-11 00:56:07,956 INFO o.a.j.t.JMeterThread: Thread finished: XML検証 9-1
2018-01-11 00:56:09,463 INFO o.a.j.t.JMeterThread: Thread is done: JSON POSTお試し 7-1
2018-01-11 00:56:09,463 INFO o.a.j.t.JMeterThread: Thread finished: JSON POSTお試し 7-1
2018-01-11 00:56:09,474 INFO o.a.j.t.JMeterThread: Thread is done: CSVでPOST 1-1
2018-01-11 00:56:09,474 INFO o.a.j.t.JMeterThread: Thread finished: CSVでPOST 1-1
2018-01-11 00:56:18,585 INFO o.a.j.t.JMeterThread: Thread is done: POST 3-1
2018-01-11 00:56:18,586 INFO o.a.j.t.JMeterThread: Thread finished: POST 3-1
2018-01-11 00:56:18,586 INFO o.a.j.e.StandardJMeterEngine: Notifying test listeners of end of test
2018-01-11 00:56:18,586 INFO o.a.j.s.FileServer: Close: C:\Users\Rigel\Desktop\test.csv
2018-01-11 00:56:18,587 INFO o.a.j.g.u.JMeterMenuBar: setRunning(false, *local*)
2018-01-11 00:56:22,027 INFO o.a.j.e.StandardJMeterEngine: Running the test!
2018-01-11 00:56:22,027 INFO o.a.j.s.SampleEvent: List of sample_variables: []
2018-01-11 00:56:22,036 INFO o.a.j.g.u.JMeterMenuBar: setRunning(true, *local*)
2018-01-11 00:56:22,158 INFO o.a.j.e.StandardJMeterEngine: Starting ThreadGroup: 1 : CSVでPOST
2018-01-11 00:56:22,158 INFO o.a.j.e.StandardJMeterEngine: Starting 1 threads for group CSVでPOST.
2018-01-11 00:56:22,158 INFO o.a.j.e.StandardJMeterEngine: Thread will continue on error
2018-01-11 00:56:22,159 INFO o.a.j.t.ThreadGroup: Starting thread group... number=1 threads=1 ramp-up=3 perThread=3000.0 delayedStart=false
2018-01-11 00:56:22,159 INFO o.a.j.t.ThreadGroup: Started thread group number 1
2018-01-11 00:56:22,159 INFO o.a.j.e.StandardJMeterEngine: Starting ThreadGroup: 2 : CSVでGET
2018-01-11 00:56:22,159 INFO o.a.j.e.StandardJMeterEngine: Starting 1 threads for group CSVでGET.
2018-01-11 00:56:22,159 INFO o.a.j.e.StandardJMeterEngine: Thread will continue on error
2018-01-11 00:56:22,159 INFO o.a.j.t.ThreadGroup: Starting thread group... number=2 threads=1 ramp-up=3 perThread=3000.0 delayedStart=false
2018-01-11 00:56:22,160 INFO o.a.j.t.ThreadGroup: Started thread group number 2
2018-01-11 00:56:22,160 INFO o.a.j.t.JMeterThread: Thread started: CSVでPOST 1-1
2018-01-11 00:56:22,160 INFO o.a.j.e.StandardJMeterEngine: Starting ThreadGroup: 3 : POST
2018-01-11 00:56:22,160 INFO o.a.j.e.StandardJMeterEngine: Starting 1 threads for group POST.
2018-01-11 00:56:22,160 INFO o.a.j.e.StandardJMeterEngine: Thread will continue on error
2018-01-11 00:56:22,160 INFO o.a.j.t.ThreadGroup: Starting thread group... number=3 threads=1 ramp-up=1 perThread=1000.0 delayedStart=false
2018-01-11 00:56:22,161 INFO o.a.j.t.ThreadGroup: Started thread group number 3
2018-01-11 00:56:22,161 INFO o.a.j.e.StandardJMeterEngine: Starting ThreadGroup: 4 : GET
2018-01-11 00:56:22,161 INFO o.a.j.s.FileServer: Stored: C:\Users\Rigel\Desktop\test.csv
2018-01-11 00:56:22,161 INFO o.a.j.e.StandardJMeterEngine: Starting 1 threads for group GET.
2018-01-11 00:56:22,161 INFO o.a.j.e.StandardJMeterEngine: Thread will continue on error
2018-01-11 00:56:22,161 INFO o.a.j.t.ThreadGroup: Starting thread group... number=4 threads=1 ramp-up=1 perThread=1000.0 delayedStart=false
2018-01-11 00:56:22,162 INFO o.a.j.t.ThreadGroup: Started thread group number 4
2018-01-11 00:56:22,162 INFO o.a.j.e.StandardJMeterEngine: Starting ThreadGroup: 5 : UPDATE
2018-01-11 00:56:22,162 INFO o.a.j.e.StandardJMeterEngine: Starting 1 threads for group UPDATE.
2018-01-11 00:56:22,162 INFO o.a.j.e.StandardJMeterEngine: Thread will continue on error
2018-01-11 00:56:22,162 INFO o.a.j.t.ThreadGroup: Starting thread group... number=5 threads=1 ramp-up=1 perThread=1000.0 delayedStart=false
2018-01-11 00:56:22,162 INFO o.a.j.t.ThreadGroup: Started thread group number 5
2018-01-11 00:56:22,162 INFO o.a.j.e.StandardJMeterEngine: Starting ThreadGroup: 6 : DELETE
2018-01-11 00:56:22,162 INFO o.a.j.e.StandardJMeterEngine: Starting 1 threads for group DELETE.
2018-01-11 00:56:22,163 INFO o.a.j.e.StandardJMeterEngine: Thread will continue on error
2018-01-11 00:56:22,163 INFO o.a.j.t.ThreadGroup: Starting thread group... number=6 threads=1 ramp-up=1 perThread=1000.0 delayedStart=false
2018-01-11 00:56:22,163 INFO o.a.j.t.ThreadGroup: Started thread group number 6
2018-01-11 00:56:22,163 INFO o.a.j.e.StandardJMeterEngine: Starting ThreadGroup: 7 : JSON POSTお試し
2018-01-11 00:56:22,163 INFO o.a.j.e.StandardJMeterEngine: Starting 1 threads for group JSON POSTお試し.
2018-01-11 00:56:22,163 INFO o.a.j.e.StandardJMeterEngine: Thread will continue on error
2018-01-11 00:56:22,163 INFO o.a.j.t.ThreadGroup: Starting thread group... number=7 threads=1 ramp-up=1 perThread=1000.0 delayedStart=false
2018-01-11 00:56:22,164 INFO o.a.j.t.ThreadGroup: Started thread group number 7
2018-01-11 00:56:22,164 INFO o.a.j.e.StandardJMeterEngine: Starting ThreadGroup: 8 : JSON GET
2018-01-11 00:56:22,164 INFO o.a.j.e.StandardJMeterEngine: Starting 1 threads for group JSON GET.
2018-01-11 00:56:22,164 INFO o.a.j.e.StandardJMeterEngine: Thread will continue on error
2018-01-11 00:56:22,164 INFO o.a.j.t.ThreadGroup: Starting thread group... number=8 threads=1 ramp-up=1 perThread=1000.0 delayedStart=false
2018-01-11 00:56:22,164 INFO o.a.j.t.ThreadGroup: Started thread group number 8
2018-01-11 00:56:22,165 INFO o.a.j.e.StandardJMeterEngine: Starting ThreadGroup: 9 : XML検証
2018-01-11 00:56:22,165 INFO o.a.j.e.StandardJMeterEngine: Starting 1 threads for group XML検証.
2018-01-11 00:56:22,165 INFO o.a.j.e.StandardJMeterEngine: Thread will continue on error
2018-01-11 00:56:22,165 INFO o.a.j.t.ThreadGroup: Starting thread group... number=9 threads=1 ramp-up=1 perThread=1000.0 delayedStart=false
2018-01-11 00:56:22,166 INFO o.a.j.t.ThreadGroup: Started thread group number 9
2018-01-11 00:56:22,166 INFO o.a.j.e.StandardJMeterEngine: All thread groups have been started
2018-01-11 00:56:22,171 INFO o.a.j.t.JMeterThread: Thread started: CSVでGET 2-1
2018-01-11 00:56:22,173 INFO o.a.j.t.JMeterThread: Thread started: JSON GET 8-1
2018-01-11 00:56:22,173 INFO o.a.j.t.JMeterThread: Thread started: XML検証 9-1
2018-01-11 00:56:22,175 INFO o.a.j.t.JMeterThread: Thread started: JSON POSTお試し 7-1
2018-01-11 00:56:22,176 INFO o.a.j.t.JMeterThread: Thread started: DELETE 6-1
2018-01-11 00:56:22,177 INFO o.a.j.t.JMeterThread: Thread started: UPDATE 5-1
2018-01-11 00:56:22,177 INFO o.a.j.t.JMeterThread: Thread started: GET 4-1
2018-01-11 00:56:22,181 INFO o.a.j.t.JMeterThread: Thread started: POST 3-1
2018-01-11 00:56:22,191 INFO o.a.j.t.JMeterThread: Thread is done: GET 4-1
2018-01-11 00:56:22,191 INFO o.a.j.t.JMeterThread: Thread finished: GET 4-1
2018-01-11 00:56:22,212 INFO o.a.j.t.JMeterThread: Thread is done: JSON POSTお試し 7-1
2018-01-11 00:56:22,213 INFO o.a.j.t.JMeterThread: Thread finished: JSON POSTお試し 7-1
2018-01-11 00:56:22,234 INFO o.a.j.t.JMeterThread: Thread is done: UPDATE 5-1
2018-01-11 00:56:22,234 INFO o.a.j.t.JMeterThread: Thread finished: UPDATE 5-1
2018-01-11 00:56:22,255 INFO o.a.j.t.JMeterThread: Thread is done: XML検証 9-1
2018-01-11 00:56:22,255 INFO o.a.j.t.JMeterThread: Thread finished: XML検証 9-1
2018-01-11 00:56:22,261 INFO o.a.j.t.JMeterThread: Thread is done: CSVでGET 2-1
2018-01-11 00:56:22,261 INFO o.a.j.t.JMeterThread: Thread finished: CSVでGET 2-1
2018-01-11 00:56:22,274 INFO o.a.j.t.JMeterThread: Thread is done: CSVでPOST 1-1
2018-01-11 00:56:22,274 INFO o.a.j.t.JMeterThread: Thread finished: CSVでPOST 1-1
2018-01-11 00:56:22,282 INFO o.a.j.t.JMeterThread: Thread is done: DELETE 6-1
2018-01-11 00:56:22,283 INFO o.a.j.t.JMeterThread: Thread finished: DELETE 6-1
2018-01-11 00:56:22,291 WARN c.a.j.p.j.j.JSONPathExtractor: Extract failed
java.lang.IllegalArgumentException: path can not be null or empty
	at com.jayway.jsonpath.internal.Utils.notEmpty(Utils.java:386) ~[json-path-2.4.0.jar:2.4.0]
	at com.jayway.jsonpath.internal.JsonContext.read(JsonContext.java:76) ~[json-path-2.4.0.jar:2.4.0]
	at com.jayway.jsonpath.JsonPath.read(JsonPath.java:502) ~[json-path-2.4.0.jar:2.4.0]
	at com.atlantbh.jmeter.plugins.jsonutils.jsonpathextractor.JSONPathExtractor.process(JSONPathExtractor.java:102) [jmeter-plugins-json-2.6.jar:?]
	at org.apache.jmeter.threads.JMeterThread.runPostProcessors(JMeterThread.java:833) [ApacheJMeter_core.jar:3.3 r1808647]
	at org.apache.jmeter.threads.JMeterThread.executeSamplePackage(JMeterThread.java:524) [ApacheJMeter_core.jar:3.3 r1808647]
	at org.apache.jmeter.threads.JMeterThread.processSampler(JMeterThread.java:424) [ApacheJMeter_core.jar:3.3 r1808647]
	at org.apache.jmeter.threads.JMeterThread.run(JMeterThread.java:255) [ApacheJMeter_core.jar:3.3 r1808647]
	at java.lang.Thread.run(Unknown Source) [?:1.8.0_112]
2018-01-11 00:56:22,292 WARN c.a.j.p.j.j.JSONPathExtractor: Extract failed
java.lang.IllegalArgumentException: path can not be null or empty
	at com.jayway.jsonpath.internal.Utils.notEmpty(Utils.java:386) ~[json-path-2.4.0.jar:2.4.0]
	at com.jayway.jsonpath.internal.JsonContext.read(JsonContext.java:76) ~[json-path-2.4.0.jar:2.4.0]
	at com.jayway.jsonpath.JsonPath.read(JsonPath.java:502) ~[json-path-2.4.0.jar:2.4.0]
	at com.atlantbh.jmeter.plugins.jsonutils.jsonpathextractor.JSONPathExtractor.process(JSONPathExtractor.java:102) [jmeter-plugins-json-2.6.jar:?]
	at org.apache.jmeter.threads.JMeterThread.runPostProcessors(JMeterThread.java:833) [ApacheJMeter_core.jar:3.3 r1808647]
	at org.apache.jmeter.threads.JMeterThread.executeSamplePackage(JMeterThread.java:524) [ApacheJMeter_core.jar:3.3 r1808647]
	at org.apache.jmeter.threads.JMeterThread.processSampler(JMeterThread.java:424) [ApacheJMeter_core.jar:3.3 r1808647]
	at org.apache.jmeter.threads.JMeterThread.run(JMeterThread.java:255) [ApacheJMeter_core.jar:3.3 r1808647]
	at java.lang.Thread.run(Unknown Source) [?:1.8.0_112]
2018-01-11 00:56:22,293 INFO o.a.j.t.JMeterThread: Thread is done: JSON GET 8-1
2018-01-11 00:56:22,293 INFO o.a.j.t.JMeterThread: Thread finished: JSON GET 8-1
2018-01-11 00:56:34,220 INFO o.a.j.t.JMeterThread: Thread is done: POST 3-1
2018-01-11 00:56:34,220 INFO o.a.j.t.JMeterThread: Thread finished: POST 3-1
2018-01-11 00:56:34,220 INFO o.a.j.e.StandardJMeterEngine: Notifying test listeners of end of test
2018-01-11 00:56:34,221 INFO o.a.j.s.FileServer: Close: C:\Users\Rigel\Desktop\test.csv
2018-01-11 00:56:34,221 INFO o.a.j.g.u.JMeterMenuBar: setRunning(false, *local*)
2018-01-11 00:56:43,455 INFO o.a.j.e.StandardJMeterEngine: Running the test!
2018-01-11 00:56:43,456 INFO o.a.j.s.SampleEvent: List of sample_variables: []
2018-01-11 00:56:43,459 INFO o.a.j.g.u.JMeterMenuBar: setRunning(true, *local*)
2018-01-11 00:56:43,575 INFO o.a.j.e.StandardJMeterEngine: Starting ThreadGroup: 1 : CSVでPOST
2018-01-11 00:56:43,575 INFO o.a.j.e.StandardJMeterEngine: Starting 1 threads for group CSVでPOST.
2018-01-11 00:56:43,575 INFO o.a.j.e.StandardJMeterEngine: Thread will continue on error
2018-01-11 00:56:43,575 INFO o.a.j.t.ThreadGroup: Starting thread group... number=1 threads=1 ramp-up=3 perThread=3000.0 delayedStart=false
2018-01-11 00:56:43,575 INFO o.a.j.t.ThreadGroup: Started thread group number 1
2018-01-11 00:56:43,576 INFO o.a.j.e.StandardJMeterEngine: Starting ThreadGroup: 2 : CSVでGET
2018-01-11 00:56:43,576 INFO o.a.j.e.StandardJMeterEngine: Starting 1 threads for group CSVでGET.
2018-01-11 00:56:43,576 INFO o.a.j.e.StandardJMeterEngine: Thread will continue on error
2018-01-11 00:56:43,576 INFO o.a.j.t.ThreadGroup: Starting thread group... number=2 threads=1 ramp-up=3 perThread=3000.0 delayedStart=false
2018-01-11 00:56:43,576 INFO o.a.j.t.JMeterThread: Thread started: CSVでPOST 1-1
2018-01-11 00:56:43,576 INFO o.a.j.t.ThreadGroup: Started thread group number 2
2018-01-11 00:56:43,576 INFO o.a.j.e.StandardJMeterEngine: Starting ThreadGroup: 3 : POST
2018-01-11 00:56:43,576 INFO o.a.j.e.StandardJMeterEngine: Starting 1 threads for group POST.
2018-01-11 00:56:43,576 INFO o.a.j.e.StandardJMeterEngine: Thread will continue on error
2018-01-11 00:56:43,576 INFO o.a.j.t.ThreadGroup: Starting thread group... number=3 threads=1 ramp-up=1 perThread=1000.0 delayedStart=false
2018-01-11 00:56:43,576 INFO o.a.j.s.FileServer: Stored: C:\Users\Rigel\Desktop\test.csv
2018-01-11 00:56:43,577 INFO o.a.j.t.ThreadGroup: Started thread group number 3
2018-01-11 00:56:43,577 INFO o.a.j.e.StandardJMeterEngine: Starting ThreadGroup: 4 : GET
2018-01-11 00:56:43,577 INFO o.a.j.e.StandardJMeterEngine: Starting 1 threads for group GET.
2018-01-11 00:56:43,577 INFO o.a.j.e.StandardJMeterEngine: Thread will continue on error
2018-01-11 00:56:43,577 INFO o.a.j.t.ThreadGroup: Starting thread group... number=4 threads=1 ramp-up=1 perThread=1000.0 delayedStart=false
2018-01-11 00:56:43,578 INFO o.a.j.t.ThreadGroup: Started thread group number 4
2018-01-11 00:56:43,578 INFO o.a.j.e.StandardJMeterEngine: Starting ThreadGroup: 5 : UPDATE
2018-01-11 00:56:43,578 INFO o.a.j.e.StandardJMeterEngine: Starting 1 threads for group UPDATE.
2018-01-11 00:56:43,578 INFO o.a.j.e.StandardJMeterEngine: Thread will continue on error
2018-01-11 00:56:43,578 INFO o.a.j.t.ThreadGroup: Starting thread group... number=5 threads=1 ramp-up=1 perThread=1000.0 delayedStart=false
2018-01-11 00:56:43,578 INFO o.a.j.t.ThreadGroup: Started thread group number 5
2018-01-11 00:56:43,578 INFO o.a.j.e.StandardJMeterEngine: Starting ThreadGroup: 6 : DELETE
2018-01-11 00:56:43,578 INFO o.a.j.e.StandardJMeterEngine: Starting 1 threads for group DELETE.
2018-01-11 00:56:43,578 INFO o.a.j.e.StandardJMeterEngine: Thread will continue on error
2018-01-11 00:56:43,578 INFO o.a.j.t.ThreadGroup: Starting thread group... number=6 threads=1 ramp-up=1 perThread=1000.0 delayedStart=false
2018-01-11 00:56:43,579 INFO o.a.j.t.ThreadGroup: Started thread group number 6
2018-01-11 00:56:43,579 INFO o.a.j.e.StandardJMeterEngine: Starting ThreadGroup: 7 : JSON POSTお試し
2018-01-11 00:56:43,579 INFO o.a.j.e.StandardJMeterEngine: Starting 1 threads for group JSON POSTお試し.
2018-01-11 00:56:43,579 INFO o.a.j.e.StandardJMeterEngine: Thread will continue on error
2018-01-11 00:56:43,579 INFO o.a.j.t.ThreadGroup: Starting thread group... number=7 threads=1 ramp-up=1 perThread=1000.0 delayedStart=false
2018-01-11 00:56:43,580 INFO o.a.j.t.ThreadGroup: Started thread group number 7
2018-01-11 00:56:43,580 INFO o.a.j.t.JMeterThread: Thread started: CSVでGET 2-1
2018-01-11 00:56:43,580 INFO o.a.j.e.StandardJMeterEngine: Starting ThreadGroup: 8 : JSON GET
2018-01-11 00:56:43,580 INFO o.a.j.e.StandardJMeterEngine: Starting 1 threads for group JSON GET.
2018-01-11 00:56:43,580 INFO o.a.j.e.StandardJMeterEngine: Thread will continue on error
2018-01-11 00:56:43,580 INFO o.a.j.t.ThreadGroup: Starting thread group... number=8 threads=1 ramp-up=1 perThread=1000.0 delayedStart=false
2018-01-11 00:56:43,580 INFO o.a.j.t.ThreadGroup: Started thread group number 8
2018-01-11 00:56:43,580 INFO o.a.j.e.StandardJMeterEngine: Starting ThreadGroup: 9 : XML検証
2018-01-11 00:56:43,580 INFO o.a.j.e.StandardJMeterEngine: Starting 1 threads for group XML検証.
2018-01-11 00:56:43,580 INFO o.a.j.e.StandardJMeterEngine: Thread will continue on error
2018-01-11 00:56:43,580 INFO o.a.j.t.ThreadGroup: Starting thread group... number=9 threads=1 ramp-up=1 perThread=1000.0 delayedStart=false
2018-01-11 00:56:43,581 INFO o.a.j.t.ThreadGroup: Started thread group number 9
2018-01-11 00:56:43,583 INFO o.a.j.e.StandardJMeterEngine: All thread groups have been started
2018-01-11 00:56:43,583 INFO o.a.j.t.JMeterThread: Thread started: POST 3-1
2018-01-11 00:56:43,583 INFO o.a.j.t.JMeterThread: Thread started: GET 4-1
2018-01-11 00:56:43,583 INFO o.a.j.t.JMeterThread: Thread started: JSON GET 8-1
2018-01-11 00:56:43,583 INFO o.a.j.t.JMeterThread: Thread started: UPDATE 5-1
2018-01-11 00:56:43,582 INFO o.a.j.t.JMeterThread: Thread started: DELETE 6-1
2018-01-11 00:56:43,582 INFO o.a.j.t.JMeterThread: Thread started: JSON POSTお試し 7-1
2018-01-11 00:56:43,582 INFO o.a.j.t.JMeterThread: Thread started: XML検証 9-1
2018-01-11 00:56:43,594 INFO o.a.j.t.JMeterThread: Thread is done: GET 4-1
2018-01-11 00:56:43,594 INFO o.a.j.t.JMeterThread: Thread finished: GET 4-1
2018-01-11 00:56:43,601 INFO o.a.j.t.JMeterThread: Thread is done: DELETE 6-1
2018-01-11 00:56:43,601 INFO o.a.j.t.JMeterThread: Thread finished: DELETE 6-1
2018-01-11 00:56:43,616 INFO o.a.j.t.JMeterThread: Thread is done: JSON POSTお試し 7-1
2018-01-11 00:56:43,616 INFO o.a.j.t.JMeterThread: Thread finished: JSON POSTお試し 7-1
2018-01-11 00:56:43,629 INFO o.a.j.t.JMeterThread: Thread is done: XML検証 9-1
2018-01-11 00:56:43,630 INFO o.a.j.t.JMeterThread: Thread finished: XML検証 9-1
2018-01-11 00:56:43,641 WARN c.a.j.p.j.j.JSONPathExtractor: Extract failed
java.lang.IllegalArgumentException: path can not be null or empty
	at com.jayway.jsonpath.internal.Utils.notEmpty(Utils.java:386) ~[json-path-2.4.0.jar:2.4.0]
	at com.jayway.jsonpath.internal.JsonContext.read(JsonContext.java:76) ~[json-path-2.4.0.jar:2.4.0]
	at com.jayway.jsonpath.JsonPath.read(JsonPath.java:502) ~[json-path-2.4.0.jar:2.4.0]
	at com.atlantbh.jmeter.plugins.jsonutils.jsonpathextractor.JSONPathExtractor.process(JSONPathExtractor.java:102) [jmeter-plugins-json-2.6.jar:?]
	at org.apache.jmeter.threads.JMeterThread.runPostProcessors(JMeterThread.java:833) [ApacheJMeter_core.jar:3.3 r1808647]
	at org.apache.jmeter.threads.JMeterThread.executeSamplePackage(JMeterThread.java:524) [ApacheJMeter_core.jar:3.3 r1808647]
	at org.apache.jmeter.threads.JMeterThread.processSampler(JMeterThread.java:424) [ApacheJMeter_core.jar:3.3 r1808647]
	at org.apache.jmeter.threads.JMeterThread.run(JMeterThread.java:255) [ApacheJMeter_core.jar:3.3 r1808647]
	at java.lang.Thread.run(Unknown Source) [?:1.8.0_112]
2018-01-11 00:56:43,642 WARN c.a.j.p.j.j.JSONPathExtractor: Extract failed
java.lang.IllegalArgumentException: path can not be null or empty
	at com.jayway.jsonpath.internal.Utils.notEmpty(Utils.java:386) ~[json-path-2.4.0.jar:2.4.0]
	at com.jayway.jsonpath.internal.JsonContext.read(JsonContext.java:76) ~[json-path-2.4.0.jar:2.4.0]
	at com.jayway.jsonpath.JsonPath.read(JsonPath.java:502) ~[json-path-2.4.0.jar:2.4.0]
	at com.atlantbh.jmeter.plugins.jsonutils.jsonpathextractor.JSONPathExtractor.process(JSONPathExtractor.java:102) [jmeter-plugins-json-2.6.jar:?]
	at org.apache.jmeter.threads.JMeterThread.runPostProcessors(JMeterThread.java:833) [ApacheJMeter_core.jar:3.3 r1808647]
	at org.apache.jmeter.threads.JMeterThread.executeSamplePackage(JMeterThread.java:524) [ApacheJMeter_core.jar:3.3 r1808647]
	at org.apache.jmeter.threads.JMeterThread.processSampler(JMeterThread.java:424) [ApacheJMeter_core.jar:3.3 r1808647]
	at org.apache.jmeter.threads.JMeterThread.run(JMeterThread.java:255) [ApacheJMeter_core.jar:3.3 r1808647]
	at java.lang.Thread.run(Unknown Source) [?:1.8.0_112]
2018-01-11 00:56:43,643 INFO o.a.j.t.JMeterThread: Thread is done: JSON GET 8-1
2018-01-11 00:56:43,643 INFO o.a.j.t.JMeterThread: Thread finished: JSON GET 8-1
2018-01-11 00:56:43,661 INFO o.a.j.t.JMeterThread: Thread is done: CSVでPOST 1-1
2018-01-11 00:56:43,661 INFO o.a.j.t.JMeterThread: Thread finished: CSVでPOST 1-1
2018-01-11 00:56:43,662 INFO o.a.j.t.JMeterThread: Thread is done: CSVでGET 2-1
2018-01-11 00:56:43,662 INFO o.a.j.t.JMeterThread: Thread finished: CSVでGET 2-1
2018-01-11 00:56:43,672 INFO o.a.j.t.JMeterThread: Thread is done: UPDATE 5-1
2018-01-11 00:56:43,673 INFO o.a.j.t.JMeterThread: Thread finished: UPDATE 5-1
2018-01-11 00:56:55,605 INFO o.a.j.t.JMeterThread: Thread is done: POST 3-1
2018-01-11 00:56:55,606 INFO o.a.j.t.JMeterThread: Thread finished: POST 3-1
2018-01-11 00:56:55,606 INFO o.a.j.e.StandardJMeterEngine: Notifying test listeners of end of test
2018-01-11 00:56:55,606 INFO o.a.j.s.FileServer: Close: C:\Users\Rigel\Desktop\test.csv
2018-01-11 00:56:55,607 INFO o.a.j.g.u.JMeterMenuBar: setRunning(false, *local*)
2018-01-11 00:58:11,984 INFO o.a.j.e.StandardJMeterEngine: Running the test!
2018-01-11 00:58:11,985 INFO o.a.j.s.SampleEvent: List of sample_variables: []
2018-01-11 00:58:11,988 INFO o.a.j.g.u.JMeterMenuBar: setRunning(true, *local*)
2018-01-11 00:58:12,022 INFO o.a.j.e.StandardJMeterEngine: Starting ThreadGroup: 1 : CSVでPOST
2018-01-11 00:58:12,022 INFO o.a.j.e.StandardJMeterEngine: Starting 1 threads for group CSVでPOST.
2018-01-11 00:58:12,022 INFO o.a.j.e.StandardJMeterEngine: Thread will continue on error
2018-01-11 00:58:12,023 INFO o.a.j.t.ThreadGroup: Starting thread group... number=1 threads=1 ramp-up=3 perThread=3000.0 delayedStart=false
2018-01-11 00:58:12,023 INFO o.a.j.t.ThreadGroup: Started thread group number 1
2018-01-11 00:58:12,023 INFO o.a.j.e.StandardJMeterEngine: Starting ThreadGroup: 2 : CSVでGET
2018-01-11 00:58:12,023 INFO o.a.j.e.StandardJMeterEngine: Starting 1 threads for group CSVでGET.
2018-01-11 00:58:12,023 INFO o.a.j.e.StandardJMeterEngine: Thread will continue on error
2018-01-11 00:58:12,024 INFO o.a.j.t.ThreadGroup: Starting thread group... number=2 threads=1 ramp-up=3 perThread=3000.0 delayedStart=false
2018-01-11 00:58:12,024 INFO o.a.j.t.ThreadGroup: Started thread group number 2
2018-01-11 00:58:12,024 INFO o.a.j.e.StandardJMeterEngine: Starting ThreadGroup: 3 : POST
2018-01-11 00:58:12,024 INFO o.a.j.e.StandardJMeterEngine: Starting 1 threads for group POST.
2018-01-11 00:58:12,024 INFO o.a.j.e.StandardJMeterEngine: Thread will continue on error
2018-01-11 00:58:12,024 INFO o.a.j.t.ThreadGroup: Starting thread group... number=3 threads=1 ramp-up=1 perThread=1000.0 delayedStart=false
2018-01-11 00:58:12,024 INFO o.a.j.t.ThreadGroup: Started thread group number 3
2018-01-11 00:58:12,024 INFO o.a.j.e.StandardJMeterEngine: Starting ThreadGroup: 4 : GET
2018-01-11 00:58:12,025 INFO o.a.j.e.StandardJMeterEngine: Starting 1 threads for group GET.
2018-01-11 00:58:12,025 INFO o.a.j.e.StandardJMeterEngine: Thread will continue on error
2018-01-11 00:58:12,025 INFO o.a.j.t.ThreadGroup: Starting thread group... number=4 threads=1 ramp-up=1 perThread=1000.0 delayedStart=false
2018-01-11 00:58:12,025 INFO o.a.j.t.ThreadGroup: Started thread group number 4
2018-01-11 00:58:12,025 INFO o.a.j.e.StandardJMeterEngine: Starting ThreadGroup: 5 : UPDATE
2018-01-11 00:58:12,025 INFO o.a.j.e.StandardJMeterEngine: Starting 1 threads for group UPDATE.
2018-01-11 00:58:12,025 INFO o.a.j.e.StandardJMeterEngine: Thread will continue on error
2018-01-11 00:58:12,025 INFO o.a.j.t.ThreadGroup: Starting thread group... number=5 threads=1 ramp-up=1 perThread=1000.0 delayedStart=false
2018-01-11 00:58:12,026 INFO o.a.j.t.ThreadGroup: Started thread group number 5
2018-01-11 00:58:12,026 INFO o.a.j.e.StandardJMeterEngine: Starting ThreadGroup: 6 : DELETE
2018-01-11 00:58:12,026 INFO o.a.j.e.StandardJMeterEngine: Starting 1 threads for group DELETE.
2018-01-11 00:58:12,026 INFO o.a.j.e.StandardJMeterEngine: Thread will continue on error
2018-01-11 00:58:12,026 INFO o.a.j.t.JMeterThread: Thread started: POST 3-1
2018-01-11 00:58:12,026 INFO o.a.j.t.ThreadGroup: Starting thread group... number=6 threads=1 ramp-up=1 perThread=1000.0 delayedStart=false
2018-01-11 00:58:12,026 INFO o.a.j.t.JMeterThread: Thread started: GET 4-1
2018-01-11 00:58:12,026 INFO o.a.j.t.ThreadGroup: Started thread group number 6
2018-01-11 00:58:12,026 INFO o.a.j.e.StandardJMeterEngine: Starting ThreadGroup: 7 : JSON POSTお試し
2018-01-11 00:58:12,026 INFO o.a.j.e.StandardJMeterEngine: Starting 1 threads for group JSON POSTお試し.
2018-01-11 00:58:12,026 INFO o.a.j.e.StandardJMeterEngine: Thread will continue on error
2018-01-11 00:58:12,026 INFO o.a.j.t.ThreadGroup: Starting thread group... number=7 threads=1 ramp-up=1 perThread=1000.0 delayedStart=false
2018-01-11 00:58:12,027 INFO o.a.j.t.ThreadGroup: Started thread group number 7
2018-01-11 00:58:12,027 INFO o.a.j.e.StandardJMeterEngine: Starting ThreadGroup: 8 : JSON GET
2018-01-11 00:58:12,027 INFO o.a.j.e.StandardJMeterEngine: Starting 1 threads for group JSON GET.
2018-01-11 00:58:12,027 INFO o.a.j.e.StandardJMeterEngine: Thread will continue on error
2018-01-11 00:58:12,027 INFO o.a.j.t.ThreadGroup: Starting thread group... number=8 threads=1 ramp-up=1 perThread=1000.0 delayedStart=false
2018-01-11 00:58:12,027 INFO o.a.j.t.ThreadGroup: Started thread group number 8
2018-01-11 00:58:12,027 INFO o.a.j.e.StandardJMeterEngine: Starting ThreadGroup: 9 : XML検証
2018-01-11 00:58:12,027 INFO o.a.j.e.StandardJMeterEngine: Starting 1 threads for group XML検証.
2018-01-11 00:58:12,027 INFO o.a.j.e.StandardJMeterEngine: Thread will continue on error
2018-01-11 00:58:12,028 INFO o.a.j.t.ThreadGroup: Starting thread group... number=9 threads=1 ramp-up=1 perThread=1000.0 delayedStart=false
2018-01-11 00:58:12,028 INFO o.a.j.t.ThreadGroup: Started thread group number 9
2018-01-11 00:58:12,028 INFO o.a.j.e.StandardJMeterEngine: All thread groups have been started
2018-01-11 00:58:12,029 INFO o.a.j.t.JMeterThread: Thread started: CSVでPOST 1-1
2018-01-11 00:58:12,031 INFO o.a.j.s.FileServer: Stored: C:\Users\Rigel\Desktop\test.csv
2018-01-11 00:58:12,037 INFO o.a.j.t.JMeterThread: Thread is done: GET 4-1
2018-01-11 00:58:12,037 INFO o.a.j.t.JMeterThread: Thread finished: GET 4-1
2018-01-11 00:58:12,040 INFO o.a.j.t.JMeterThread: Thread started: JSON GET 8-1
2018-01-11 00:58:12,040 INFO o.a.j.t.JMeterThread: Thread started: JSON POSTお試し 7-1
2018-01-11 00:58:12,040 INFO o.a.j.t.JMeterThread: Thread started: XML検証 9-1
2018-01-11 00:58:12,041 INFO o.a.j.t.JMeterThread: Thread started: DELETE 6-1
2018-01-11 00:58:12,044 INFO o.a.j.t.JMeterThread: Thread started: UPDATE 5-1
2018-01-11 00:58:12,048 INFO o.a.j.t.JMeterThread: Thread started: CSVでGET 2-1
2018-01-11 00:58:12,080 INFO o.a.j.t.JMeterThread: Thread is done: XML検証 9-1
2018-01-11 00:58:12,080 INFO o.a.j.t.JMeterThread: Thread finished: XML検証 9-1
2018-01-11 00:58:12,087 WARN c.a.j.p.j.j.JSONPathExtractor: Extract failed
java.lang.IllegalArgumentException: path can not be null or empty
	at com.jayway.jsonpath.internal.Utils.notEmpty(Utils.java:386) ~[json-path-2.4.0.jar:2.4.0]
	at com.jayway.jsonpath.internal.JsonContext.read(JsonContext.java:76) ~[json-path-2.4.0.jar:2.4.0]
	at com.jayway.jsonpath.JsonPath.read(JsonPath.java:502) ~[json-path-2.4.0.jar:2.4.0]
	at com.atlantbh.jmeter.plugins.jsonutils.jsonpathextractor.JSONPathExtractor.process(JSONPathExtractor.java:102) [jmeter-plugins-json-2.6.jar:?]
	at org.apache.jmeter.threads.JMeterThread.runPostProcessors(JMeterThread.java:833) [ApacheJMeter_core.jar:3.3 r1808647]
	at org.apache.jmeter.threads.JMeterThread.executeSamplePackage(JMeterThread.java:524) [ApacheJMeter_core.jar:3.3 r1808647]
	at org.apache.jmeter.threads.JMeterThread.processSampler(JMeterThread.java:424) [ApacheJMeter_core.jar:3.3 r1808647]
	at org.apache.jmeter.threads.JMeterThread.run(JMeterThread.java:255) [ApacheJMeter_core.jar:3.3 r1808647]
	at java.lang.Thread.run(Unknown Source) [?:1.8.0_112]
2018-01-11 00:58:12,088 WARN c.a.j.p.j.j.JSONPathExtractor: Extract failed
java.lang.IllegalArgumentException: path can not be null or empty
	at com.jayway.jsonpath.internal.Utils.notEmpty(Utils.java:386) ~[json-path-2.4.0.jar:2.4.0]
	at com.jayway.jsonpath.internal.JsonContext.read(JsonContext.java:76) ~[json-path-2.4.0.jar:2.4.0]
	at com.jayway.jsonpath.JsonPath.read(JsonPath.java:502) ~[json-path-2.4.0.jar:2.4.0]
	at com.atlantbh.jmeter.plugins.jsonutils.jsonpathextractor.JSONPathExtractor.process(JSONPathExtractor.java:102) [jmeter-plugins-json-2.6.jar:?]
	at org.apache.jmeter.threads.JMeterThread.runPostProcessors(JMeterThread.java:833) [ApacheJMeter_core.jar:3.3 r1808647]
	at org.apache.jmeter.threads.JMeterThread.executeSamplePackage(JMeterThread.java:524) [ApacheJMeter_core.jar:3.3 r1808647]
	at org.apache.jmeter.threads.JMeterThread.processSampler(JMeterThread.java:424) [ApacheJMeter_core.jar:3.3 r1808647]
	at org.apache.jmeter.threads.JMeterThread.run(JMeterThread.java:255) [ApacheJMeter_core.jar:3.3 r1808647]
	at java.lang.Thread.run(Unknown Source) [?:1.8.0_112]
2018-01-11 00:58:12,089 INFO o.a.j.t.JMeterThread: Thread is done: JSON GET 8-1
2018-01-11 00:58:12,089 INFO o.a.j.t.JMeterThread: Thread finished: JSON GET 8-1
2018-01-11 00:58:12,094 INFO o.a.j.t.JMeterThread: Thread is done: DELETE 6-1
2018-01-11 00:58:12,094 INFO o.a.j.t.JMeterThread: Thread finished: DELETE 6-1
2018-01-11 00:58:12,098 INFO o.a.j.t.JMeterThread: Thread is done: CSVでGET 2-1
2018-01-11 00:58:12,098 INFO o.a.j.t.JMeterThread: Thread finished: CSVでGET 2-1
2018-01-11 00:58:12,100 INFO o.a.j.t.JMeterThread: Thread is done: UPDATE 5-1
2018-01-11 00:58:12,100 INFO o.a.j.t.JMeterThread: Thread finished: UPDATE 5-1
2018-01-11 00:58:12,109 INFO o.a.j.t.JMeterThread: Thread is done: JSON POSTお試し 7-1
2018-01-11 00:58:12,109 INFO o.a.j.t.JMeterThread: Thread finished: JSON POSTお試し 7-1
2018-01-11 00:58:12,117 INFO o.a.j.t.JMeterThread: Thread is done: CSVでPOST 1-1
2018-01-11 00:58:12,117 INFO o.a.j.t.JMeterThread: Thread finished: CSVでPOST 1-1
2018-01-11 00:58:24,054 INFO o.a.j.t.JMeterThread: Thread is done: POST 3-1
2018-01-11 00:58:24,054 INFO o.a.j.t.JMeterThread: Thread finished: POST 3-1
2018-01-11 00:58:24,054 INFO o.a.j.e.StandardJMeterEngine: Notifying test listeners of end of test
2018-01-11 00:58:24,054 INFO o.a.j.s.FileServer: Close: C:\Users\Rigel\Desktop\test.csv
2018-01-11 00:58:24,055 INFO o.a.j.g.u.JMeterMenuBar: setRunning(false, *local*)
2018-01-11 00:58:35,327 INFO o.a.j.e.StandardJMeterEngine: Running the test!
2018-01-11 00:58:35,328 INFO o.a.j.s.SampleEvent: List of sample_variables: []
2018-01-11 00:58:35,329 INFO o.a.j.g.u.JMeterMenuBar: setRunning(true, *local*)
2018-01-11 00:58:35,338 INFO o.a.j.e.StandardJMeterEngine: Starting ThreadGroup: 1 : CSVでPOST
2018-01-11 00:58:35,338 INFO o.a.j.e.StandardJMeterEngine: Starting 1 threads for group CSVでPOST.
2018-01-11 00:58:35,338 INFO o.a.j.e.StandardJMeterEngine: Thread will continue on error
2018-01-11 00:58:35,338 INFO o.a.j.t.ThreadGroup: Starting thread group... number=1 threads=1 ramp-up=3 perThread=3000.0 delayedStart=false
2018-01-11 00:58:35,339 INFO o.a.j.t.ThreadGroup: Started thread group number 1
2018-01-11 00:58:35,339 INFO o.a.j.e.StandardJMeterEngine: Starting ThreadGroup: 2 : CSVでGET
2018-01-11 00:58:35,339 INFO o.a.j.e.StandardJMeterEngine: Starting 1 threads for group CSVでGET.
2018-01-11 00:58:35,339 INFO o.a.j.e.StandardJMeterEngine: Thread will continue on error
2018-01-11 00:58:35,339 INFO o.a.j.t.ThreadGroup: Starting thread group... number=2 threads=1 ramp-up=3 perThread=3000.0 delayedStart=false
2018-01-11 00:58:35,340 INFO o.a.j.t.ThreadGroup: Started thread group number 2
2018-01-11 00:58:35,340 INFO o.a.j.e.StandardJMeterEngine: Starting ThreadGroup: 3 : POST
2018-01-11 00:58:35,340 INFO o.a.j.e.StandardJMeterEngine: Starting 1 threads for group POST.
2018-01-11 00:58:35,340 INFO o.a.j.e.StandardJMeterEngine: Thread will continue on error
2018-01-11 00:58:35,340 INFO o.a.j.t.ThreadGroup: Starting thread group... number=3 threads=1 ramp-up=1 perThread=1000.0 delayedStart=false
2018-01-11 00:58:35,340 INFO o.a.j.t.ThreadGroup: Started thread group number 3
2018-01-11 00:58:35,340 INFO o.a.j.t.JMeterThread: Thread started: CSVでPOST 1-1
2018-01-11 00:58:35,340 INFO o.a.j.e.StandardJMeterEngine: Starting ThreadGroup: 4 : GET
2018-01-11 00:58:35,341 INFO o.a.j.e.StandardJMeterEngine: Starting 1 threads for group GET.
2018-01-11 00:58:35,341 INFO o.a.j.e.StandardJMeterEngine: Thread will continue on error
2018-01-11 00:58:35,341 INFO o.a.j.s.FileServer: Stored: C:\Users\Rigel\Desktop\test.csv
2018-01-11 00:58:35,341 INFO o.a.j.t.ThreadGroup: Starting thread group... number=4 threads=1 ramp-up=1 perThread=1000.0 delayedStart=false
2018-01-11 00:58:35,341 INFO o.a.j.t.ThreadGroup: Started thread group number 4
2018-01-11 00:58:35,341 INFO o.a.j.e.StandardJMeterEngine: Starting ThreadGroup: 5 : UPDATE
2018-01-11 00:58:35,341 INFO o.a.j.e.StandardJMeterEngine: Starting 1 threads for group UPDATE.
2018-01-11 00:58:35,341 INFO o.a.j.e.StandardJMeterEngine: Thread will continue on error
2018-01-11 00:58:35,341 INFO o.a.j.t.ThreadGroup: Starting thread group... number=5 threads=1 ramp-up=1 perThread=1000.0 delayedStart=false
2018-01-11 00:58:35,342 INFO o.a.j.t.ThreadGroup: Started thread group number 5
2018-01-11 00:58:35,342 INFO o.a.j.e.StandardJMeterEngine: Starting ThreadGroup: 6 : DELETE
2018-01-11 00:58:35,342 INFO o.a.j.e.StandardJMeterEngine: Starting 1 threads for group DELETE.
2018-01-11 00:58:35,342 INFO o.a.j.e.StandardJMeterEngine: Thread will continue on error
2018-01-11 00:58:35,342 INFO o.a.j.t.ThreadGroup: Starting thread group... number=6 threads=1 ramp-up=1 perThread=1000.0 delayedStart=false
2018-01-11 00:58:35,342 INFO o.a.j.t.ThreadGroup: Started thread group number 6
2018-01-11 00:58:35,342 INFO o.a.j.e.StandardJMeterEngine: Starting ThreadGroup: 7 : JSON POSTお試し
2018-01-11 00:58:35,342 INFO o.a.j.e.StandardJMeterEngine: Starting 1 threads for group JSON POSTお試し.
2018-01-11 00:58:35,342 INFO o.a.j.e.StandardJMeterEngine: Thread will continue on error
2018-01-11 00:58:35,343 INFO o.a.j.t.ThreadGroup: Starting thread group... number=7 threads=1 ramp-up=1 perThread=1000.0 delayedStart=false
2018-01-11 00:58:35,343 INFO o.a.j.t.ThreadGroup: Started thread group number 7
2018-01-11 00:58:35,343 INFO o.a.j.e.StandardJMeterEngine: Starting ThreadGroup: 8 : JSON GET
2018-01-11 00:58:35,343 INFO o.a.j.e.StandardJMeterEngine: Starting 1 threads for group JSON GET.
2018-01-11 00:58:35,343 INFO o.a.j.e.StandardJMeterEngine: Thread will continue on error
2018-01-11 00:58:35,344 INFO o.a.j.t.ThreadGroup: Starting thread group... number=8 threads=1 ramp-up=1 perThread=1000.0 delayedStart=false
2018-01-11 00:58:35,344 INFO o.a.j.t.ThreadGroup: Started thread group number 8
2018-01-11 00:58:35,344 INFO o.a.j.e.StandardJMeterEngine: Starting ThreadGroup: 9 : XML検証
2018-01-11 00:58:35,344 INFO o.a.j.e.StandardJMeterEngine: Starting 1 threads for group XML検証.
2018-01-11 00:58:35,344 INFO o.a.j.e.StandardJMeterEngine: Thread will continue on error
2018-01-11 00:58:35,344 INFO o.a.j.t.ThreadGroup: Starting thread group... number=9 threads=1 ramp-up=1 perThread=1000.0 delayedStart=false
2018-01-11 00:58:35,345 INFO o.a.j.t.ThreadGroup: Started thread group number 9
2018-01-11 00:58:35,345 INFO o.a.j.e.StandardJMeterEngine: All thread groups have been started
2018-01-11 00:58:35,348 INFO o.a.j.t.JMeterThread: Thread started: CSVでGET 2-1
2018-01-11 00:58:35,348 INFO o.a.j.t.JMeterThread: Thread started: GET 4-1
2018-01-11 00:58:35,349 INFO o.a.j.t.JMeterThread: Thread started: POST 3-1
2018-01-11 00:58:35,350 INFO o.a.j.t.JMeterThread: Thread started: JSON GET 8-1
2018-01-11 00:58:35,350 INFO o.a.j.t.JMeterThread: Thread started: XML検証 9-1
2018-01-11 00:58:35,351 INFO o.a.j.t.JMeterThread: Thread started: JSON POSTお試し 7-1
2018-01-11 00:58:35,353 INFO o.a.j.t.JMeterThread: Thread started: DELETE 6-1
2018-01-11 00:58:35,354 INFO o.a.j.t.JMeterThread: Thread started: UPDATE 5-1
2018-01-11 00:58:35,359 INFO o.a.j.t.JMeterThread: Thread is done: GET 4-1
2018-01-11 00:58:35,359 INFO o.a.j.t.JMeterThread: Thread finished: GET 4-1
2018-01-11 00:58:35,370 WARN c.a.j.p.j.j.JSONPathExtractor: Extract failed
java.lang.IllegalArgumentException: path can not be null or empty
	at com.jayway.jsonpath.internal.Utils.notEmpty(Utils.java:386) ~[json-path-2.4.0.jar:2.4.0]
	at com.jayway.jsonpath.internal.JsonContext.read(JsonContext.java:76) ~[json-path-2.4.0.jar:2.4.0]
	at com.jayway.jsonpath.JsonPath.read(JsonPath.java:502) ~[json-path-2.4.0.jar:2.4.0]
	at com.atlantbh.jmeter.plugins.jsonutils.jsonpathextractor.JSONPathExtractor.process(JSONPathExtractor.java:102) [jmeter-plugins-json-2.6.jar:?]
	at org.apache.jmeter.threads.JMeterThread.runPostProcessors(JMeterThread.java:833) [ApacheJMeter_core.jar:3.3 r1808647]
	at org.apache.jmeter.threads.JMeterThread.executeSamplePackage(JMeterThread.java:524) [ApacheJMeter_core.jar:3.3 r1808647]
	at org.apache.jmeter.threads.JMeterThread.processSampler(JMeterThread.java:424) [ApacheJMeter_core.jar:3.3 r1808647]
	at org.apache.jmeter.threads.JMeterThread.run(JMeterThread.java:255) [ApacheJMeter_core.jar:3.3 r1808647]
	at java.lang.Thread.run(Unknown Source) [?:1.8.0_112]
2018-01-11 00:58:35,372 WARN c.a.j.p.j.j.JSONPathExtractor: Extract failed
java.lang.IllegalArgumentException: path can not be null or empty
	at com.jayway.jsonpath.internal.Utils.notEmpty(Utils.java:386) ~[json-path-2.4.0.jar:2.4.0]
	at com.jayway.jsonpath.internal.JsonContext.read(JsonContext.java:76) ~[json-path-2.4.0.jar:2.4.0]
	at com.jayway.jsonpath.JsonPath.read(JsonPath.java:502) ~[json-path-2.4.0.jar:2.4.0]
	at com.atlantbh.jmeter.plugins.jsonutils.jsonpathextractor.JSONPathExtractor.process(JSONPathExtractor.java:102) [jmeter-plugins-json-2.6.jar:?]
	at org.apache.jmeter.threads.JMeterThread.runPostProcessors(JMeterThread.java:833) [ApacheJMeter_core.jar:3.3 r1808647]
	at org.apache.jmeter.threads.JMeterThread.executeSamplePackage(JMeterThread.java:524) [ApacheJMeter_core.jar:3.3 r1808647]
	at org.apache.jmeter.threads.JMeterThread.processSampler(JMeterThread.java:424) [ApacheJMeter_core.jar:3.3 r1808647]
	at org.apache.jmeter.threads.JMeterThread.run(JMeterThread.java:255) [ApacheJMeter_core.jar:3.3 r1808647]
	at java.lang.Thread.run(Unknown Source) [?:1.8.0_112]
2018-01-11 00:58:35,372 INFO o.a.j.t.JMeterThread: Thread is done: JSON GET 8-1
2018-01-11 00:58:35,372 INFO o.a.j.t.JMeterThread: Thread finished: JSON GET 8-1
2018-01-11 00:58:35,387 INFO o.a.j.t.JMeterThread: Thread is done: DELETE 6-1
2018-01-11 00:58:35,387 INFO o.a.j.t.JMeterThread: Thread finished: DELETE 6-1
2018-01-11 00:58:35,393 INFO o.a.j.t.JMeterThread: Thread is done: JSON POSTお試し 7-1
2018-01-11 00:58:35,393 INFO o.a.j.t.JMeterThread: Thread finished: JSON POSTお試し 7-1
2018-01-11 00:58:35,399 INFO o.a.j.t.JMeterThread: Thread is done: XML検証 9-1
2018-01-11 00:58:35,399 INFO o.a.j.t.JMeterThread: Thread finished: XML検証 9-1
2018-01-11 00:58:35,403 INFO o.a.j.t.JMeterThread: Thread is done: CSVでGET 2-1
2018-01-11 00:58:35,403 INFO o.a.j.t.JMeterThread: Thread finished: CSVでGET 2-1
2018-01-11 00:58:35,409 INFO o.a.j.t.JMeterThread: Thread is done: UPDATE 5-1
2018-01-11 00:58:35,409 INFO o.a.j.t.JMeterThread: Thread finished: UPDATE 5-1
2018-01-11 00:58:35,426 INFO o.a.j.t.JMeterThread: Thread is done: CSVでPOST 1-1
2018-01-11 00:58:35,426 INFO o.a.j.t.JMeterThread: Thread finished: CSVでPOST 1-1
2018-01-11 00:58:47,380 INFO o.a.j.t.JMeterThread: Thread is done: POST 3-1
2018-01-11 00:58:47,380 INFO o.a.j.t.JMeterThread: Thread finished: POST 3-1
2018-01-11 00:58:47,380 INFO o.a.j.e.StandardJMeterEngine: Notifying test listeners of end of test
2018-01-11 00:58:47,380 INFO o.a.j.s.FileServer: Close: C:\Users\Rigel\Desktop\test.csv
2018-01-11 00:58:47,381 INFO o.a.j.g.u.JMeterMenuBar: setRunning(false, *local*)
